turyn settings: --n=24 --wz=together --mdd-k=7 --mdd-extend=1 --theta=128 --max-z=200000 --max-w=200000 --conflict-limit=0 --sat-secs=180 --quad-pb=true --xor-propagation  (threads=4)
Loaded MDD from mdd-7.bin (k=7, 14470 nodes, 0.2 MB, 1.04e8 live / 7.21e16 total paths, 1.45e-9 live fraction)
[framework:together] seed_boundaries=1465976 (pre-enumerated upfront)
[framework:together] elapsed=1.0s covered=0.000/1.000 ttc=Some(4759.128044152s) TTC (unconstrained baseline)
[framework:together] elapsed=2.0s covered=0.000/1.000 ttc=Some(8750.92009639s) TTC (unconstrained baseline)
[framework:together] elapsed=3.0s covered=0.000/1.000 ttc=Some(11916.661064457s) TTC (unconstrained baseline)
[framework:together] elapsed=4.0s covered=0.000/1.000 ttc=Some(15228.439972178s) TTC (unconstrained baseline)
[framework:together] elapsed=5.0s covered=0.000/1.000 ttc=Some(14312.662852957s) TTC (unconstrained baseline)
[framework:together] elapsed=6.0s covered=0.000/1.000 ttc=Some(16910.783599062s) TTC (unconstrained baseline)
[framework:together] elapsed=7.0s covered=0.000/1.000 ttc=Some(14090.468354032s) TTC (unconstrained baseline)
[framework:together] elapsed=8.0s covered=0.001/1.000 ttc=Some(14690.152062576s) TTC (unconstrained baseline)
[framework:together] elapsed=9.0s covered=0.001/1.000 ttc=Some(15424.094382686s) TTC (unconstrained baseline)
[framework:together] elapsed=10.0s covered=0.001/1.000 ttc=Some(16445.043915144s) TTC (unconstrained baseline)
[framework:together] elapsed=11.0s covered=0.001/1.000 ttc=Some(13564.35878703s) TTC (unconstrained baseline)
[framework:together] elapsed=12.0s covered=0.001/1.000 ttc=Some(13962.326257507s) TTC (unconstrained baseline)
[framework:together] elapsed=13.0s covered=0.001/1.000 ttc=Some(14137.049837517s) TTC (unconstrained baseline)
[framework:together] elapsed=14.0s covered=0.001/1.000 ttc=Some(15067.718787547s) TTC (unconstrained baseline)
[framework:together] elapsed=15.0s covered=0.001/1.000 ttc=Some(15933.031418192s) TTC (unconstrained baseline)
[framework:together] elapsed=16.0s covered=0.001/1.000 ttc=Some(16574.126481704s) TTC (unconstrained baseline)
[framework:together] elapsed=17.0s covered=0.001/1.000 ttc=Some(17523.173171144s) TTC (unconstrained baseline)
[framework:together] elapsed=18.0s covered=0.001/1.000 ttc=Some(18207.679654766s) TTC (unconstrained baseline)
[framework:together] elapsed=19.0s covered=0.001/1.000 ttc=Some(19048.009935889s) TTC (unconstrained baseline)
[framework:together] elapsed=20.0s covered=0.001/1.000 ttc=Some(19968.474370033s) TTC (unconstrained baseline)
[framework:together] elapsed=21.0s covered=0.001/1.000 ttc=Some(19855.861653753s) TTC (unconstrained baseline)
[framework:together] elapsed=22.0s covered=0.001/1.000 ttc=Some(19938.020954289s) TTC (unconstrained baseline)
[framework:together] elapsed=23.0s covered=0.001/1.000 ttc=Some(20365.485451749s) TTC (unconstrained baseline)
[framework:together] elapsed=24.0s covered=0.001/1.000 ttc=Some(21135.755393539s) TTC (unconstrained baseline)
[framework:together] elapsed=25.0s covered=0.001/1.000 ttc=Some(21910.840232781s) TTC (unconstrained baseline)
[framework:together] elapsed=26.0s covered=0.001/1.000 ttc=Some(22665.014591653s) TTC (unconstrained baseline)
[framework:together] elapsed=27.0s covered=0.001/1.000 ttc=Some(23383.594324038s) TTC (unconstrained baseline)
[framework:together] elapsed=28.0s covered=0.002/1.000 ttc=Some(17636.981475444s) TTC (unconstrained baseline)
[framework:together] elapsed=29.0s covered=0.002/1.000 ttc=Some(18266.849108062s) TTC (unconstrained baseline)
[framework:together] elapsed=30.0s covered=0.002/1.000 ttc=Some(18213.745053807s) TTC (unconstrained baseline)
[framework:together] elapsed=31.0s covered=0.002/1.000 ttc=Some(18805.242439824s) TTC (unconstrained baseline)
[framework:together] elapsed=32.0s covered=0.002/1.000 ttc=Some(19379.650241119s) TTC (unconstrained baseline)
[framework:together] elapsed=33.0s covered=0.002/1.000 ttc=Some(19804.666453642s) TTC (unconstrained baseline)
[framework:together] elapsed=34.0s covered=0.002/1.000 ttc=Some(20263.306275951s) TTC (unconstrained baseline)
[framework:together] elapsed=35.0s covered=0.002/1.000 ttc=Some(20825.292156542s) TTC (unconstrained baseline)
[framework:together] elapsed=36.0s covered=0.002/1.000 ttc=Some(21394.144022862s) TTC (unconstrained baseline)
[framework:together] elapsed=37.0s covered=0.002/1.000 ttc=Some(19892.661921724s) TTC (unconstrained baseline)
[framework:together] elapsed=38.0s covered=0.002/1.000 ttc=Some(20295.811087126s) TTC (unconstrained baseline)
[framework:together] elapsed=39.0s covered=0.002/1.000 ttc=Some(20769.153304015s) TTC (unconstrained baseline)
[framework:together] elapsed=40.0s covered=0.002/1.000 ttc=Some(21216.585131332s) TTC (unconstrained baseline)
[framework:together] elapsed=41.0s covered=0.002/1.000 ttc=Some(19578.141618532s) TTC (unconstrained baseline)
[framework:together] elapsed=42.0s covered=0.002/1.000 ttc=Some(19938.260080505s) TTC (unconstrained baseline)
[framework:together] elapsed=43.0s covered=0.002/1.000 ttc=Some(20041.527014167s) TTC (unconstrained baseline)
[framework:together] elapsed=44.0s covered=0.002/1.000 ttc=Some(20494.505118309s) TTC (unconstrained baseline)
[framework:together] elapsed=45.0s covered=0.002/1.000 ttc=Some(20900.254895798s) TTC (unconstrained baseline)
[framework:together] elapsed=46.0s covered=0.002/1.000 ttc=Some(21122.758934199s) TTC (unconstrained baseline)
[framework:together] elapsed=47.0s covered=0.002/1.000 ttc=Some(21568.359667942s) TTC (unconstrained baseline)
[framework:together] elapsed=48.0s covered=0.002/1.000 ttc=Some(21999.860568367s) TTC (unconstrained baseline)
[framework:together] elapsed=49.0s covered=0.002/1.000 ttc=Some(22422.995840654s) TTC (unconstrained baseline)
[framework:together] elapsed=50.0s covered=0.002/1.000 ttc=Some(22873.416732734s) TTC (unconstrained baseline)
[framework:together] elapsed=51.0s covered=0.002/1.000 ttc=Some(23301.655235345s) TTC (unconstrained baseline)
[framework:together] elapsed=52.0s covered=0.002/1.000 ttc=Some(23743.711306454s) TTC (unconstrained baseline)
[framework:together] elapsed=53.0s covered=0.002/1.000 ttc=Some(24185.162642556s) TTC (unconstrained baseline)
[framework:together] elapsed=54.0s covered=0.002/1.000 ttc=Some(23629.41628459s) TTC (unconstrained baseline)
[framework:together] elapsed=55.0s covered=0.002/1.000 ttc=Some(23952.076727538s) TTC (unconstrained baseline)
[framework:together] elapsed=56.0s covered=0.002/1.000 ttc=Some(24121.233888685s) TTC (unconstrained baseline)
[framework:together] elapsed=57.0s covered=0.002/1.000 ttc=Some(24436.552296848s) TTC (unconstrained baseline)
[framework:together] elapsed=58.0s covered=0.002/1.000 ttc=Some(24828.774875968s) TTC (unconstrained baseline)
[framework:together] elapsed=59.0s covered=0.002/1.000 ttc=Some(23634.28721566s) TTC (unconstrained baseline)
[framework:together] elapsed=60.0s covered=0.003/1.000 ttc=Some(23581.574384747s) TTC (unconstrained baseline)
[framework:together] elapsed=61.0s covered=0.003/1.000 ttc=Some(22416.133717637s) TTC (unconstrained baseline)
[framework:together] elapsed=62.0s covered=0.003/1.000 ttc=Some(22680.718922662s) TTC (unconstrained baseline)
[framework:together] elapsed=63.0s covered=0.003/1.000 ttc=Some(23017.7370403s) TTC (unconstrained baseline)
[framework:together] elapsed=64.0s covered=0.003/1.000 ttc=Some(23371.375062266s) TTC (unconstrained baseline)
[framework:together] elapsed=65.0s covered=0.003/1.000 ttc=Some(23736.559643864s) TTC (unconstrained baseline)
[framework:together] elapsed=66.0s covered=0.003/1.000 ttc=Some(23969.655495362s) TTC (unconstrained baseline)
[framework:together] elapsed=67.0s covered=0.003/1.000 ttc=Some(23992.186940555s) TTC (unconstrained baseline)
[framework:together] elapsed=68.0s covered=0.003/1.000 ttc=Some(24130.978958336s) TTC (unconstrained baseline)
[framework:together] elapsed=69.0s covered=0.003/1.000 ttc=Some(24343.626101756s) TTC (unconstrained baseline)
[framework:together] elapsed=70.0s covered=0.003/1.000 ttc=Some(24512.978897747s) TTC (unconstrained baseline)
WALL_SEC=70.973 EXIT=143
